Turbo Assembler	 Version 4.1	    03/01/26 15:02:12	    Page 1
reg_fram.asm



      1	0000			     .model tiny
      2	0000			     .code
      3				     org 100h
      4
      5	      =001E		     STRING_COLOR    equ 1eh
      6	      =000A		     FRAME_HOR_COL   equ 0ah
      7	      =000E		     FRAME_WALL_COL  equ 0eh
      8	      =000C		     INT_FRAME_COL   equ 0ch	     ; color of	internal frame
      9	      =0009		     STR_BOUND_COL   equ 09h
     10
     11	      =0008		     BYTE_SHIFT	     equ 8h
     12	      =0002		     SYMB_OFFSET     equ 2d
     13	      =0002		     ARGUE_SIZE	     equ 2h
     14	      =4C00		     END_CODE	     equ 4c00h
     15	      =000A		     ES_STR_DELTA    equ 10d	     ; delta for ES to change string
     16	      =B800		     VMEM_ADDRESS    equ 0b800h
     17
     18	      =0030		     NULL_CODE	     equ 30h
     19	      =0037		     ALPH_ADD_CODE   equ 37h
     20	      =0057		     ADX_KEY	     equ 57h
     21	      =0058		     SEG_KEY	     equ 58h
     22	      =0029		     IND_KEY	     equ 29h
     23	      =002B		     ALL_KEY	     equ 2bh
     24	      =0036		     ESC_KEY	     equ 36h
     25	      =0048		     UP_ARR_KEY	     equ 48h
     26	      =0050		     DN_ARR_KEY	     equ 50h
     27	      =004B		     LT_ARR_KEY	     equ 4bh
     28	      =004D		     RT_ARR_KEY	     equ 4dh
     29	      =0009		     PRINT_REG_LEN   equ 9h
     30
     31	      =001A		     FRAME_WIDTH     equ 26d
     32	      =0010		     FRAME_HEIGHT    equ 10h
     33	      =0000		     FRAME_TYPE	     equ 0h
     34
     35				     FRAME_LODSB     macro	     ; AL = next frame symbol, and increase BX
     36						     mov al, [bx]
     37						     inc bx
     38						     endm
     39
     40				     REG_PRINT	     macro reg	     ; saved reg value,	[bx] = next reg, ax = reg
     41						     push reg
     42						     call PrintReg
     43						     pop ax
     44						     add bx, 9h
     45						     endm
     46
     47				     locals @@
     48
     49				     ;=====================================================
     50				     ; Entry:	     -
     51				     ;
     52				     ; Result:	     In	int[09]	saved new address
     53				     ;
     54				     ; Expected:     Old int[09] = original int[09] (from DOS)
     55				     ;
     56				     ; Destruction:  AX, BX, ES, DI
     57				     ;=====================================================
Turbo Assembler	 Version 4.1	    03/01/26 15:02:12	    Page 2
reg_fram.asm



     58	0100  8C C8		     start:	     mov ax, cs
     59	0102  8E C0				     mov es, ax
     60	0104  BF 01AAr				     mov di, offset Old09Ofs
     61	0107  B8 0000				     mov ax, 0h
     62	010A  8E D8				     mov ds, ax
     63	010C  BE 0024				     mov si, 4 * 09h		     ; offset:segment -> 4 bytes
     64	010F  A5				     movsw
     65	0110  A5				     movsw			     ; saving Old 09 Address
     66
     67	0111  B8 0000				     mov ax, 0h
     68	0114  8E C0				     mov es, ax
     69	0116  BB 0024				     mov bx, 4 * 09h
     70	0119  FA				     cli
     71	011A  26: C7 07	0137r			     mov es:[bx], offset New09
     72	011F  8C C8				     mov ax, cs
     73	0121  26: 89 47	02			     mov es:[bx	+ 2], ax
     74	0125  FB				     sti
     75
     76	0126  B8 3100				     mov ax, 3100h
     77	0129  BA 07A4r				     mov dx, offset Eoppp
     78	012C  D1 EA D1 EA D1 EA	D1+		     shr dx, 4h
     79	      EA
     80	0134  42				     inc dx
     81	0135  CD 21				     int 21h
     82				     ;-----------------------------------------------------
     83
     84
     85
     86				     ;=====================================================
     87				     ; !!! NEW CODE FOR	09 INTERRUPTING	!!!
     88				     ;
     89				     ; Entry:	     -
     90				     ;
     91				     ; Result:	     printed value of register in frame	(if al = ADX_KEY)
     92				     ;		     - (else)
     93				     ;
     94				     ; Expected:     -
     95				     ;
     96				     ; Destruction:  -
     97				     ;=====================================================
     98	0137			     New09	     proc
     99	0137  E8 0074				     call GetIp		     ;saving ip
    100
    101	013A				     save_ip:
    102	013A  06 53 50				     push es bx	ax
    103	013D  EB 2D 90				     jmp @@check
    104
    105	0140  A2 05FFr		       @@frame:	     mov [KEY_TYPE], al
    106	0143  58		       @@frame2:     pop ax
    107	0144  E8 006A				     call SavingRegs
    108	0147  50				     push ax
    109	0148  E4 60				     in	al, 60h
    110	014A  E8 00D9				     call Frame
    111	014D  EB 46 90				     jmp @@exit
    112
    113	0150  2E: FF 0E	0600r	       @@up:	     dec word ptr cs:[X_FRAME]
    114	0155  EB EC				     jmp @@frame2
Turbo Assembler	 Version 4.1	    03/01/26 15:02:12	    Page 3
reg_fram.asm



    115	0157  2E: FF 06	0600r	       @@dn:	     inc word ptr cs:[X_FRAME]
    116	015C  EB E5				     jmp @@frame2
    117	015E  2E: FF 0E	0602r	       @@left:	     dec word ptr cs:[Y_FRAME]
    118	0163  EB DE				     jmp @@frame2
    119	0165  2E: FF 06	0602r	       @@right:	     inc word ptr cs:[Y_FRAME]
    120	016A  EB D7				     jmp @@frame2
    121
    122	016C  E4 60		       @@check:	     in	al, 60h
    123	016E  3C 57				     cmp al, ADX_KEY
    124	0170  74 CE				     je	@@frame
    125	0172  3C 58				     cmp al, SEG_KEY
    126	0174  74 CA				     je	@@frame
    127	0176  3C 29				     cmp al, IND_KEY
    128	0178  74 C6				     je	@@frame
    129	017A  3C 2B				     cmp al, ALL_KEY
    130	017C  74 C2				     je	@@frame
    131	017E  3C 36				     cmp al, ESC_KEY
    132	0180  74 BE				     je	@@frame
    133	0182  3C 48				     cmp al, UP_ARR_KEY
    134	0184  74 CA				     je	@@up
    135	0186  3C 50				     cmp al, DN_ARR_KEY
    136	0188  74 CD				     je	@@dn
    137	018A  3C 4B				     cmp al, LT_ARR_KEY
    138	018C  74 D0				     je	@@left
    139	018E  3C 4D				     cmp al, RT_ARR_KEY
    140	0190  74 D3				     je	@@right
    141	0192  EB 0B 90				     jmp @@not_s
    142
    143	0195  E4 61		       @@exit:	     in	al, 61h
    144	0197  24 7F				     and al, not 80h
    145	0199  E6 61				     out 61h, al
    146	019B  0C 80				     or	al, 80h
    147	019D  E6 61				     out 61h, al
    148
    149	019F  B0 20		       @@not_s:	     mov al, 20h
    150	01A1  E6 20				     out 20h, al
    151
    152	01A3  58 5B 07				     pop ax bx es
    153	01A6  83 C4 02				     add sp, 1d	* 2h
    154	01A9  EA				     db	0eah
    155	01AA  0000		     Old09Ofs	     dw	0
    156	01AC  0000		     Old09Seg	     dw	0
    157
    158	01AE					     endp
    159				     ;-----------------------------------------------------
    160
    161
    162
    163				     ;=====================================================
    164				     ; Saving (ip value	+ 3) on	the top	of stack
    165				     ;=====================================================
    166	01AE			     GetIp	     proc
    167
    168	01AE  EB 8A				     jmp save_ip
    169
    170	01B0  C3				     ret
    171	01B1					     endp
Turbo Assembler	 Version 4.1	    03/01/26 15:02:12	    Page 4
reg_fram.asm



    172				     ;-----------------------------------------------------
    173
    174
    175
    176				     ;=====================================================
    177				     ; Entry:	     -
    178				     ;
    179				     ; Result:	     registers printed in REG_VIEWS
    180				     ;
    181				     ; Expected:     -
    182				     ;
    183				     ; Destruction:  -
    184				     ;=====================================================
    185	01B1			     SavingRegs	     proc
    186
    187	01B1  50				     push ax
    188	01B2  53				     push bx
    189	01B3  BB 0591r				     mov bx, offset AX_VIEW
    190	01B6  50				     push ax
    191	01B7  E8 0199				     call PrintReg
    192	01BA  58				     pop ax
    193	01BB  83 C3 09				     add bx, 9h
    194
    195	01BE  E8 0192				     call PrintReg	     ; old BX is already in stack
    196	01C1  83 C3 09				     add bx, 9h
    197
    198						     REG_PRINT cx
1   199	01C4  51				     push cx
1   200	01C5  E8 018B				     call PrintReg
1   201	01C8  58				     pop ax
1   202	01C9  83 C3 09				     add bx, 9h
    203						     REG_PRINT dx
1   204	01CC  52				     push dx
1   205	01CD  E8 0183				     call PrintReg
1   206	01D0  58				     pop ax
1   207	01D1  83 C3 09				     add bx, 9h
    208						     REG_PRINT si
1   209	01D4  56				     push si
1   210	01D5  E8 017B				     call PrintReg
1   211	01D8  58				     pop ax
1   212	01D9  83 C3 09				     add bx, 9h
    213						     REG_PRINT di
1   214	01DC  57				     push di
1   215	01DD  E8 0173				     call PrintReg
1   216	01E0  58				     pop ax
1   217	01E1  83 C3 09				     add bx, 9h
    218						     REG_PRINT bp
1   219	01E4  55				     push bp
1   220	01E5  E8 016B				     call PrintReg
1   221	01E8  58				     pop ax
1   222	01E9  83 C3 09				     add bx, 9h
    223	01EC  8B C4				     mov ax, sp
    224	01EE  05 0006				     add ax, 3d	* 2h
    225						     REG_PRINT ax
1   226	01F1  50				     push ax
1   227	01F2  E8 015E				     call PrintReg
1   228	01F5  58				     pop ax
Turbo Assembler	 Version 4.1	    03/01/26 15:02:12	    Page 5
reg_fram.asm



1   229	01F6  83 C3 09				     add bx, 9h
    230						     REG_PRINT ds
1   231	01F9  1E				     push ds
1   232	01FA  E8 0156				     call PrintReg
1   233	01FD  58				     pop ax
1   234	01FE  83 C3 09				     add bx, 9h
    235						     REG_PRINT es
1   236	0201  06				     push es
1   237	0202  E8 014E				     call PrintReg
1   238	0205  58				     pop ax
1   239	0206  83 C3 09				     add bx, 9h
    240						     REG_PRINT cs
1   241	0209  0E				     push cs
1   242	020A  E8 0146				     call PrintReg
1   243	020D  58				     pop ax
1   244	020E  83 C3 09				     add bx, 9h
    245	0211  55				     push bp
    246	0212  8B EC				     mov bp, sp
    247	0214  8B 46 08				     mov ax, [bp + 8]
    248	0217  2D 0003				     sub ax, 3d		     ; intstr. call size
    249	021A  5D				     pop bp
    250						     REG_PRINT ax
1   251	021B  50				     push ax
1   252	021C  E8 0134				     call PrintReg
1   253	021F  58				     pop ax
1   254	0220  83 C3 09				     add bx, 9h
    255
    256	0223  5B				     pop bx
    257	0224  58				     pop ax
    258	0225  C3				     ret
    259	0226					     endp
    260				     ;-----------------------------------------------------
    261
    262
    263
    264				     ;=====================================================
    265				     ; Entry:	     -
    266				     ;
    267				     ; Result:	     frame will	be drawn
    268				     ;
    269				     ; Expected:     -
    270				     ;
    271				     ; Destruction:  -
    272				     ;==================================================
    273	0226			     Frame	     proc
    274	0226  50 53 51 52 06 57	1E+		     push ax bx	cx dx es di ds si
    275	      56
    276
    277	022E  0E				     push cs
    278	022F  1F				     pop ds
    279
    280	0230  E8 00D3				     call RegSettings
    281	0233  53				     push bx		     ; saving start of register	group
    282	0234  50				     push ax		     ; saving key
    283
    284	0235  B1 09			     @@set:  mov cl, PRINT_REG_LEN
    285	0237  B5 00				     mov ch, 0h
Turbo Assembler	 Version 4.1	    03/01/26 15:02:12	    Page 6
reg_fram.asm



    286	0239  B8 0000				     mov ax, FRAME_TYPE
    287
    288	023C  BB 054Dr				     mov bx, offset FRAME_TYPES
    289	023F  03 D8				     add bx, ax
    290	0241  D1 E0 D1 E0 D1 E0	D1+		     sal ax, 4d
    291	      E0
    292	0249  03 D8				     add bx, ax		     ; setting type of frame
    293
    294	024B  A1 0600r				     mov ax, X_FRAME
    295	024E  E8 0289				     call SkipStrings
    296	0251  80 C1 02				     add cl, 2d
    297	0254  A1 0602r				     mov ax, Y_FRAME
    298	0257  8B F8				     mov di, ax
    299	0259  D1 E7				     sal di, 1d
    300
    301	025B  58				     pop ax
    302	025C  3C 36				     cmp al, ESC_KEY
    303	025E  75 07				     jne @@not_esc
    304	0260  E8 006C				     call PrintMem
    305	0263  5B				     pop bx
    306	0264  EB 28 90				     jmp @@end_frame
    307
    308	0267  E8 002D		     @@not_esc:	     call SavingMem
    309
    310	026A  E8 013F				     call DrawExtFrame
    311	026D  E8 016B				     call DrawIntFrame
    312	0270  5A				     pop dx
    313	0271  A1 05FDr				     mov ax, REG_COUNT
    314
    315	0274			     @@print_str:
    316	0274  50				     push ax
    317	0275  E8 0112				     call PrintBdString
    318	0278  83 C2 09				     add dx, PRINT_REG_LEN
    319	027B  4B				     dec bx		     ; return to string	bound symbols
    320	027C  4B				     dec bx		     ;
    321	027D  8B 3E 0602r			     mov di, Y_FRAME
    322	0281  47				     inc di
    323	0282  D1 E7				     sal di, 1d
    324	0284  B8 0001				     mov ax, 1h
    325	0287  E8 0262				     call ChangeString
    326	028A  58				     pop ax
    327	028B  48				     dec ax
    328	028C  75 E6				     jne @@print_str
    329
    330	028E			     @@end_frame:
    331	028E  5E 1F 5F 07 5A 59	5B+		     pop si ds di es dx	cx bx ax
    332	      58
    333	0296  C3				     ret
    334	0297					     endp
    335				     ;-----------------------------------------------------
    336
    337
    338
    339				     ;=====================================================
    340				     ; Entry:	     -
    341				     ;
    342				     ; Result:	     in	ESC_SAVE[] saved old video memory (in place of frame)
Turbo Assembler	 Version 4.1	    03/01/26 15:02:12	    Page 7
reg_fram.asm



    343				     ;
    344				     ; Expected:     ES:[DI] = right offset and	shift
    345				     ;
    346				     ; Destruction:  -
    347				     ;=====================================================
    348	0297			     SavingMem	     proc
    349
    350	0297  06 50 51 53 56 57			     push es ax	cx bx si di
    351
    352	029D  B8 001A				     mov ax, FRAME_WIDTH
    353	02A0  B9 0010				     mov cx, FRAME_HEIGHT
    354	02A3  BB 0604r				     mov bx, offset ESC_SAVE
    355	02A6  4B				     dec bx
    356
    357	02A7			       @@saving:
    358	02A7  43				     inc bx
    359	02A8  8B F0				     mov si, ax
    360	02AA  26: 8A 05				     mov al, es:[di]
    361	02AD  2E: 88 07				     mov cs:[bx], al
    362	02B0  8B C6				     mov ax, si
    363	02B2  48				     dec ax
    364	02B3  75 10				     jne @@next
    365	02B5  49				     dec cx
    366	02B6  74 10				     je	@@saved
    367	02B8  B8 0001				     mov ax, 1d
    368	02BB  E8 022E				     call ChangeString
    369	02BE  B8 001A				     mov ax, FRAME_WIDTH
    370	02C1  5F				     pop di
    371	02C2  57				     push di
    372	02C3  EB E2				     jmp @@saving
    373
    374	02C5  47			     @@next: inc di
    375	02C6  EB DF				     jmp @@saving
    376
    377	02C8			       @@saved:
    378	02C8  5F 5E 5B 59 58 07			     pop di si bx cx ax	es
    379
    380	02CE  C3				     ret
    381	02CF					     endp
    382				     ;-----------------------------------------------------
    383
    384
    385
    386				     ;=====================================================
    387				     ; Entry:	     -
    388				     ;
    389				     ; Result:	     in	video memory printed ESC_SAVE[]
    390				     ;
    391				     ; Expected:     ES:[DI] = right shift and offset
    392				     ;
    393				     ; Destruction:  -
    394				     ;=====================================================
    395	02CF			     PrintMem	     proc
    396	02CF  06 50 51 53 56 57			     push es ax	cx bx si di
    397
    398	02D5  B8 001A				     mov ax, FRAME_WIDTH
    399	02D8  B9 0010				     mov cx, FRAME_HEIGHT
Turbo Assembler	 Version 4.1	    03/01/26 15:02:12	    Page 8
reg_fram.asm



    400	02DB  BB 0604r				     mov bx, offset ESC_SAVE
    401	02DE  4B				     dec bx
    402
    403	02DF			       @@printing:
    404	02DF  43				     inc bx
    405	02E0  8B F0				     mov si, ax
    406	02E2  8A 07				     mov al, [bx]
    407	02E4  26: 88 05				     mov es:[di], al
    408	02E7  8B C6				     mov ax, si
    409	02E9  48				     dec ax
    410	02EA  75 10				     jne @@next
    411	02EC  49				     dec cx
    412	02ED  74 10				     je	@@printed
    413	02EF  B8 0001				     mov ax, 1d
    414	02F2  E8 01F7				     call ChangeString
    415	02F5  B8 001A				     mov ax, FRAME_WIDTH
    416	02F8  5F				     pop di
    417	02F9  57				     push di
    418	02FA  EB E3				     jmp @@printing
    419
    420	02FC  47			     @@next: inc di
    421	02FD  EB E0				     jmp @@printing
    422
    423	02FF			       @@printed:
    424	02FF  5F 5E 5B 59 58 07			     pop di si bx cx ax	es
    425
    426	0305  C3				     ret
    427	0306					     endp
    428				     ;-----------------------------------------------------
    429
    430
    431
    432				     ;=====================================================
    433				     ; Entry:	     AL	       = pressed key
    434				     ;
    435				     ; Result:	     BX	       = right offset (on the begin of reg's views)
    436				     ;	     [var]   REG_COUNT = right count of	regs (from 1 to	4)
    437				     ;
    438				     ; Expected:     REG_COUNT - word variable
    439				     ;
    440				     ; Destruction:  BX
    441				     ;=====================================================
    442	0306			     RegSettings     proc
    443
    444	0306  80 3E 05FFr 57			     cmp byte ptr [KEY_TYPE], ADX_KEY
    445	030B  74 18				     je	@@regADX
    446	030D  80 3E 05FFr 58			     cmp byte ptr [KEY_TYPE], SEG_KEY
    447	0312  74 1D				     je	@@regSEG
    448	0314  80 3E 05FFr 29			     cmp byte ptr [KEY_TYPE], IND_KEY
    449	0319  74 22				     je	@@regIND
    450	031B  80 3E 05FFr 2B			     cmp byte ptr [KEY_TYPE], ALL_KEY
    451	0320  74 27				     je	@@regALL
    452
    453	0322  EB 2E 90				     jmp @@end
    454
    455	0325				     @@regADX:
    456	0325  C7 06 05FDr 0004			     mov word ptr [REG_COUNT], 4h
Turbo Assembler	 Version 4.1	    03/01/26 15:02:12	    Page 9
reg_fram.asm



    457	032B  BB 0591r				     mov bx, offset AX_VIEW
    458	032E  EB 22 90				     jmp @@end
    459
    460	0331				     @@regSEG:
    461	0331  C7 06 05FDr 0004			     mov word ptr [REG_COUNT], 4h
    462	0337  BB 05D9r				     mov bx, offset DS_VIEW
    463	033A  EB 16 90				     jmp @@end
    464
    465	033D				     @@regIND:
    466	033D  C7 06 05FDr 0004			     mov word ptr [REG_COUNT], 4h
    467	0343  BB 05B5r				     mov bx, offset SI_VIEW
    468	0346  EB 0A 90				     jmp @@end
    469
    470	0349				     @@regALL:
    471	0349  C7 06 05FDr 000C			     mov word ptr [REG_COUNT], 0ch
    472	034F  BB 0591r				     mov bx, offset AX_VIEW
    473
    474	0352  C3		     @@end:	     ret
    475	0353					     endp
    476				     ;-----------------------------------------------------
    477
    478
    479
    480				     ;=====================================================
    481				     ; Entry:[stack] value of register
    482				     ;
    483				     ; Result:	     value will	print in string
    484				     ;		!!!  VALUE WON'T DELETED FROM STACK !!!
    485				     ;
    486				     ; Expected:     (DS:)[BX] = index of output's start
    487				     ;
    488				     ; Destruction:  DL
    489				     ;=====================================================
    490	0353			     PrintReg	     proc    value
    491	0353  55				     push bp
    492	0354  8B EC				     mov bp, sp
    493
    494	0356  50				     push ax
    495	0357  52				     push dx
    496	0358  8B 46 04				     mov ax, value
    497	035B  B6 04				     mov dh, 4h
    498	035D  83 C3 07				     add bx, 7h
    499
    500	0360				     @@digit:
    501	0360  8A D0				     mov dl, al
    502	0362  80 E2 0F				     and dl, 0fh
    503	0365  80 FA 0A				     cmp dl, 0ah
    504	0368  7D 06				     jnl @@ab_9
    505
    506	036A  80 C2 30				     add dl, NULL_CODE
    507	036D  EB 04 90				     jmp @@com_part
    508	0370				     @@ab_9:
    509	0370  80 C2 37				     add dl, ALPH_ADD_CODE
    510	0373			     @@com_part:
    511	0373  2E: 88 17				     mov byte ptr cs:[bx], dl
    512	0376  D1 E8 D1 E8 D1 E8	D1+		     shr ax, 4h
    513	      E8
Turbo Assembler	 Version 4.1	    03/01/26 15:02:12	    Page 10
reg_fram.asm



    514	037E  4B				     dec bx
    515	037F  FE CE				     dec dh
    516	0381  75 DD				     jne @@digit
    517
    518	0383  83 C3 FD				     add bx, -3h
    519	0386  5A				     pop dx
    520	0387  58				     pop ax
    521	0388  5D				     pop bp
    522	0389  C3				     ret
    523	038A					     endp
    524				     ;-----------------------------------------------------
    525
    526
    527
    528				     ;=====================================================
    529				     ; Entry:	     CX	     = len of string
    530				     ;		     DX	     = index of	string's begin
    531				     ;
    532				     ; Result:	     Printing bounded string
    533				     ;
    534				     ; Expected:     ES:[DI] = right shift and offset
    535				     ;
    536				     ; Destruction:  AX, BX, CX, DI, SI
    537				     ;=====================================================
    538	038A			     PrintBdString   proc
    539
    540	038A  B4 09				     mov ah, STR_BOUND_COL
    541						     FRAME_LODSB
1   542	038C  8A 07				     mov al, [bx]
1   543	038E  43				     inc bx
    544	038F  AB				     stosw
    545	0390  52				     push dx
    546	0391  53				     push bx
    547	0392  B4 1E				     mov ah, STRING_COLOR
    548	0394  8B DA				     mov bx, dx
    549	0396  E8 0009				     call PrintString
    550	0399  5B				     pop bx
    551	039A  5A				     pop dx
    552	039B  B4 09				     mov ah, STR_BOUND_COL
    553						     FRAME_LODSB
1   554	039D  8A 07				     mov al, [bx]
1   555	039F  43				     inc bx
    556	03A0  AB				     stosw
    557
    558	03A1  C3				     ret
    559	03A2					     endp
    560				     ;-----------------------------------------------------
    561
    562
    563
    564				     ;=====================================================
    565				     ; Entry:	     CX	       = lenght	of string
    566				     ;		     BX	       = index of first	string symbol
    567				     ;		     AH	       = color of string's symbols
    568				     ;		     ES:[DI]   = index of memory, from which printing will start
    569				     ;
    570				     ; Result:	     print string from command line (without first space)
Turbo Assembler	 Version 4.1	    03/01/26 15:02:12	    Page 11
reg_fram.asm



    571				     ;		     started from es:[di]
    572				     ;
    573				     ; Expected:     STRING ISN'T EMPTY	and not	too long ( < 126d symbols)
    574				     ;		     ES:[DI]   = right shift and offset	(on first symbol after string)
    575				     ;		     DS:[SI]   = first symbol after string
    576				     ;		     DX	       = 0
    577				     ;		     AL	       = last string symbol
    578				     ;
    579				     ;
    580				     ; Destruction:  DI, SI, AL, DX
    581				     ;=====================================================
    582	03A2			     PrintString     proc
    583
    584	03A2  8B F3				     mov si, bx
    585	03A4  8B D1				     mov dx, cx
    586
    587	03A6  AC			    @@print: lodsb
    588	03A7  AB				     stosw
    589
    590	03A8  4A				     dec dx
    591	03A9  75 FB				     jne @@print
    592
    593	03AB  C3				     ret
    594	03AC					     endp
    595				     ;-----------------------------------------------------
    596
    597
    598
    599				     ;=====================================================
    600				     ; Entry:	     -
    601				     ;
    602				     ; Result:	     External frame will be drawing
    603				     ;		     ES:[DI] = old ES:[DI] shifted to the right	down diagonally
    604				     ;		     CX	     = len of string inside frame
    605				     ;		     [BX]    = upleft angle of internal	frame
    606				     ;
    607				     ; Expected:     ES:[DI] = right shift and offset
    608				     ;		     [BX]    = upleft angle of external	frame
    609				     ;
    610				     ; Destruction:  AX, BX, CX, DX, DI, SI, ES
    611				     ;=====================================================
    612	03AC			     DrawExtFrame    proc
    613
    614	03AC  A1 05FDr				     mov ax, word ptr [REG_COUNT]
    615	03AF  05 0002				     add ax, 2h
    616	03B2  50				     push ax			     ; empty_strings
    617	03B3  51				     push cx			     ; len of hor line
    618	03B4  B4 0A				     mov ah, FRAME_HOR_COL
    619						     FRAME_LODSB
1   620	03B6  8A 07				     mov al, [bx]
1   621	03B8  43				     inc bx
    622	03B9  50				     push ax
    623						     FRAME_LODSB
1   624	03BA  8A 07				     mov al, [bx]
1   625	03BC  43				     inc bx
    626	03BD  50				     push ax
    627	03BE  B1 0A				     mov cl, FRAME_HOR_COL
Turbo Assembler	 Version 4.1	    03/01/26 15:02:12	    Page 12
reg_fram.asm



    628	03C0  E8 0080				     call DrawHorLines		     ; external	frame's	upside and downside
    629	03C3  B8 0001				     mov ax, 1d
    630	03C6  E8 0123				     call ChangeString
    631
    632	03C9  A1 05FDr				     mov ax, word ptr [REG_COUNT]
    633	03CC  05 0002				     add ax, 2h
    634	03CF  51				     push cx
    635	03D0  50				     push ax
    636	03D1  E8 0022				     call DrawWalls		     ; external	frame's	walls
    637	03D4  83 E9 02				     sub cx, 2d
    638	03D7  83 C7 02				     add di, SYMB_OFFSET
    639
    640	03DA  C3				     ret
    641	03DB					     endp
    642				     ;-----------------------------------------------------
    643
    644
    645
    646				     ;=====================================================
    647				     ; Entry:	     -
    648				     ;
    649				     ; Result:	     Internal frame will be drawing
    650				     ;
    651				     ; Expected:     ES:[DI] = right shift and offset
    652				     ;
    653				     ; Destruction:  AX, BX, CX, DX, DI, ES
    654				     ;=====================================================
    655	03DB			     DrawIntFrame    proc
    656
    657	03DB  B4 0C				     mov ah, INT_FRAME_COL
    658	03DD  FF 36 05FDr			     push REG_COUNT
    659	03E1  51				     push cx
    660						     FRAME_LODSB
1   661	03E2  8A 07				     mov al, [bx]
1   662	03E4  43				     inc bx
    663	03E5  50				     push ax
    664						     FRAME_LODSB
1   665	03E6  8A 07				     mov al, [bx]
1   666	03E8  43				     inc bx
    667	03E9  50				     push ax
    668	03EA  B1 0C				     mov cl, INT_FRAME_COL
    669	03EC  E8 0054				     call DrawHorLines		     ; internal	frame
    670	03EF  B8 0001				     mov ax, 1d
    671	03F2  E8 00F7				     call ChangeString
    672
    673	03F5  C3				     ret
    674	03F6					     endp
    675				     ;-----------------------------------------------------
    676
    677
    678
    679				     ;=====================================================
    680				     ; Entry:	     AX		     = wall's symbol
    681				     ;	     [stack] len	     = length of skipped symbols between walls
    682				     ;	     [stack] cnt	     = count of	walls
    683				     ;
    684				     ; Result:	     BX		     = index of	first unused frame symbol
Turbo Assembler	 Version 4.1	    03/01/26 15:02:12	    Page 13
reg_fram.asm



    685				     ;		     (exp.: [BX] = upleft angle	of int.	frame)
    686				     ;		     SI		     = wall's symbol
    687				     ;		     BX		     = AX
    688				     ;		     CX		     = len
    689				     ;
    690				     ; Expected:     DI		     = right offset
    691				     ;		     [BX]	     = wall's symbol
    692				     ;		     [BX + 1]	     = central right wall symbol
    693				     ;		     [BX + 2]	     = central left wall symbol
    694				     ;
    695				     ; Distruction:  BX, SI, CX
    696				     ;=====================================================
    697	03F6			     DrawWalls	     proc    cnt, len
    698	03F6  55				     push bp
    699	03F7  8B EC				     mov bp, sp
    700
    701	03F9  52				     push dx
    702	03FA  B4 0E				     mov ah, FRAME_WALL_COL
    703						     FRAME_LODSB
1   704	03FC  8A 07				     mov al, [bx]
1   705	03FE  43				     inc bx
    706	03FF  8B F0				     mov si, ax
    707	0401  8B 56 04				     mov dx, cnt
    708
    709	0404				     @@wall:
    710	0404  8B C6				     mov ax, si
    711	0406  8B C8				     mov cx, ax
    712	0408  FF 76 06				     push len
    713	040B  E8 001E				     call DrawEmpWalls
    714	040E  B8 0001				     mov ax, 1d
    715	0411  E8 00D8				     call ChangeString
    716	0414  4A				     dec dx
    717	0415  75 ED				     jne @@wall
    718
    719	0417  B8 0000				     mov ax, 0h
    720	041A  2B 46 04				     sub ax, cnt
    721	041D  E8 00CC				     call ChangeString
    722
    723	0420  5A				     pop dx
    724	0421  83 C3 02				     add bx, 2h
    725
    726	0424  5D				     pop bp
    727	0425  58				     pop ax
    728	0426  59				     pop cx
    729	0427  59				     pop cx
    730	0428  50				     push ax
    731	0429  8B C2				     mov ax, dx
    732	042B  C3				     ret
    733	042C					     endp
    734				     ;-----------------------------------------------------
    735
    736
    737
    738				     ;=====================================================
    739				     ; Entry:	     AX	     = left wall symbol
    740				     ;		     CX	     = right wall symbol
    741				     ;	     [stack] len     = count of	empty symbols between walls
Turbo Assembler	 Version 4.1	    03/01/26 15:02:12	    Page 14
reg_fram.asm



    742				     ;
    743				     ; Result:	     AX	     = returning address
    744				     ;		     CX	     = 2 * len
    745				     ;
    746				     ; Expected:     DI	     = right offset
    747				     ;
    748				     ; Destruction:  AX, CX
    749				     ;=====================================================
    750	042C			     DrawEmpWalls    proc len
    751	042C  55				     push bp
    752	042D  8B EC				     mov bp, sp
    753
    754	042F  57				     push di
    755	0430  AB				     stosw		     ; left wall
    756	0431  8B C1				     mov ax, cx
    757	0433  8B 4E 04				     mov cx, len
    758	0436  D1 E1				     sal cx, 1d
    759	0438  03 F9				     add di, cx		     ; skip empty columns
    760	043A  AB				     stosw		     ; right wall
    761	043B  5F				     pop di
    762
    763	043C  5D				     pop bp
    764	043D  58				     pop ax
    765	043E  83 C4 02				     add sp, 1 * ARGUE_SIZE
    766	0441  50				     push ax
    767	0442  C3				     ret
    768	0443					     endp
    769				     ;-----------------------------------------------------
    770
    771
    772
    773				     ;=====================================================
    774				     ; Entry:	     CL	= color	of horisontal lines (in	little byte)
    775				     ;	     [stack] mid1    = symbol of middle	of upside
    776				     ;	     [stack] mid2    = symbol of middle	of downside
    777				     ;	     [stack] len     = len of middle part
    778				     ;	     [stack] emp_str = the count of string between horisontal lines
    779				     ;
    780				     ; Result:	     AX	     = returning address
    781				     ;		     BX	     = first unused frame symbol
    782				     ;		     SI	     = old CX (from Entry)
    783				     ;		     CX	     = len
    784				     ;
    785				     ; Expected:     argument's	direction -> CDECL, len	>= 0
    786				     ;		     DI	     = right offset
    787				     ;
    788				     ; Destruction:  AX, BX, CX, DX, SI
    789				     ;=====================================================
    790	0443			     DrawHorLines    proc    mid1, mid2, len, emp_str
    791	0443  55				     push bp
    792	0444  8B EC				     mov bp, sp
    793
    794	0446  B5 00				     mov ch, 0h
    795	0448  8B F1				     mov si, cx
    796
    797	044A  8A E1				     mov ah, cl
    798						     FRAME_LODSB
Turbo Assembler	 Version 4.1	    03/01/26 15:02:12	    Page 15
reg_fram.asm



1   799	044C  8A 07				     mov al, [bx]
1   800	044E  43				     inc bx
    801	044F  50				     push ax
    802						     FRAME_LODSB
1   803	0450  8A 07				     mov al, [bx]
1   804	0452  43				     inc bx
    805	0453  50				     push ax
    806	0454  FF 76 04				     push mid1
    807	0457  FF 76 08				     push len
    808	045A  57				     push di
    809	045B  E8 0045				     call BoundedHorLine
    810	045E  8B 46 0A				     mov ax, emp_str
    811	0461  05 0001				     add ax, 1d
    812	0464  E8 0085				     call ChangeString	     ; first hor line and skipped empty	strings
    813
    814	0467  8B C6				     mov ax, si
    815	0469  D1 E0 D1 E0 D1 E0	D1+		     sal ax, BYTE_SHIFT
    816	      E0 D1 E0 D1 E0 D1	E0+
    817	      D1 E0
    818						     FRAME_LODSB
1   819	0479  8A 07				     mov al, [bx]
1   820	047B  43				     inc bx
    821	047C  50				     push ax
    822						     FRAME_LODSB
1   823	047D  8A 07				     mov al, [bx]
1   824	047F  43				     inc bx
    825	0480  50				     push ax
    826	0481  FF 76 06				     push mid2
    827	0484  FF 76 08				     push len
    828	0487  57				     push di
    829	0488  E8 0018				     call BoundedHorLine
    830	048B  8B 46 0A				     mov ax, emp_str
    831	048E  B9 FFFF				     mov cx, -1d
    832	0491  F7 E1				     mul cx
    833	0493  2D 0001				     sub ax, 1d
    834	0496  E8 0053				     call ChangeString	     ; second hor line and returning to	begin
    835	0499  8B 4E 08				     mov cx, len
    836
    837	049C  5D				     pop bp
    838	049D  58				     pop ax
    839	049E  83 C4 08				     add sp, 4h	* ARGUE_SIZE ; stack clearing
    840	04A1  50				     push ax
    841	04A2  C3				     ret
    842	04A3					     endp
    843				     ;-----------------------------------------------------
    844
    845
    846
    847				     ;=====================================================
    848				     ; BoundedHorLine(lbound, rbound, symb, len, ind)
    849				     ;
    850				     ; Entry:[stack] lbound  = symbol for line's start
    851				     ;	     [stack] rbound  = symbol for line's end
    852				     ;	     [stack] symb    = symbol of line's	middle
    853				     ;	     [stack] len     = len of line's middle
    854				     ;	     [stack] ind     = index from which	line will be printing (es:[ind])
    855				     ;
Turbo Assembler	 Version 4.1	    03/01/26 15:02:12	    Page 16
reg_fram.asm



    856				     ; Result:	     DI	     = ind
    857				     ;		     AX	     = returing	address
    858				     ;		     CX	     = 0
    859				     ;
    860				     ; Expected:     argument's	direction -> Pascal, len >= 0
    861				     ;
    862				     ; Destruction:  AX, CX
    863				     ;=====================================================
    864	04A3			     BoundedHorLine  proc
    865
    866	04A3  55				     push bp
    867	04A4  8B EC				     mov bp, sp
    868
    869	04A6  8B 7E 04				     mov di, [bp + 4]
    870	04A9  8B 4E 06				     mov cx, [bp + 6]
    871	04AC  8B 46 0C				     mov ax, [bp + 12]
    872	04AF  AB				     stosw		     ; left bound symbol
    873	04B0  8B 46 08				     mov ax, [bp + 8]
    874	04B3  57				     push di
    875	04B4  51				     push cx
    876	04B5  50				     push ax
    877	04B6  E8 0011				     call DrawHorLine		     ; horisontal line
    878	04B9  8B 46 0A				     mov ax, [bp + 10]
    879	04BC  AB				     stosw		     ; right bound symbol
    880
    881	04BD  5F				     pop di
    882	04BE  5F				     pop di
    883	04BF  5F				     pop di
    884
    885	04C0  83 EF 02				     sub di, SYMB_OFFSET
    886
    887	04C3  5D				     pop bp
    888	04C4  58				     pop ax
    889	04C5  83 C4 0A				     add sp, 5h	* ARGUE_SIZE
    890	04C8  50				     push ax
    891	04C9  C3				     ret
    892	04CA					     endp
    893				     ;-----------------------------------------------------
    894
    895
    896
    897				     ;=====================================================
    898				     ; DrawHorLine(symb, len, ind)
    899				     ;
    900				     ; Entry:[stack] symb    = symbol which will be printing
    901				     ;	     [stack] len     = len of line
    902				     ;	     [stack] ind     = index of	memory,	from which hor line will be drawing
    903				     ;		     (real index = es:[ind])
    904				     ;
    905				     ; Result:	     ES:[DI] = index of	first byte after horisontal line
    906				     ;		     CX	     = 0
    907				     ;		     AX	     = symb
    908				     ;
    909				     ; Expected:     argument direction	-> CDECL, len >= 0
    910				     ;
    911				     ; Destruction:  AX, CX, DI
    912				     ;=====================================================
Turbo Assembler	 Version 4.1	    03/01/26 15:02:12	    Page 17
reg_fram.asm



    913	04CA			     DrawHorLine     proc symb,	len, ind
    914
    915	04CA  55				     push bp
    916	04CB  8B EC				     mov bp, sp
    917
    918	04CD  8B 46 04				     mov ax, symb
    919	04D0  8B 4E 06				     mov cx, len
    920	04D3  8B 7E 08				     mov di, ind
    921
    922	04D6  F3> AB				     rep stosw
    923
    924	04D8  5D				     pop bp
    925	04D9  C3				     ret
    926	04DA					     endp
    927				     ;-----------------------------------------------------
    928
    929
    930
    931				     ;=====================================================
    932				     ; Entry:	     AX	     = count of	empty string before frame
    933				     ;
    934				     ; Result:	     ES	on begin of (AX	+ 1)th string
    935				     ;
    936				     ; Expected:     1 < AX < 21, also expect that 2 string will be entered
    937				     ;
    938				     ; Destruction:  AX, ES
    939				     ;=====================================================
    940	04DA			     SkipStrings     proc
    941
    942	04DA  53				     push bx
    943	04DB  52				     push dx
    944
    945	04DC  05 0002				     add ax, 02h
    946	04DF  BB 000A				     mov bx, ES_STR_DELTA
    947	04E2  F7 E3				     mul bx
    948	04E4  05 B800				     add ax, VMEM_ADDRESS
    949	04E7  8E C0				     mov es, ax
    950
    951	04E9  5A				     pop dx
    952	04EA  5B				     pop bx
    953
    954	04EB  C3				     ret
    955	04EC					     endp
    956				     ;-----------------------------------------------------
    957
    958
    959
    960				     ;=====================================================
    961				     ; Entry:	     AX	     = the number of lines to change to
    962				     ;
    963				     ; Result:	     ES	     = old ES +	AX strings
    964				     ;		     AX	     = ES
    965				     ;
    966				     ; Expected:     ES	     = right shift
    967				     ;
    968				     ; Destruction:  ES, AX
    969				     ;=====================================================
Turbo Assembler	 Version 4.1	    03/01/26 15:02:12	    Page 18
reg_fram.asm



    970	04EC			     ChangeString    proc
    971
    972	04EC  53				     push bx
    973	04ED  52				     push dx
    974	04EE  BB 000A				     mov bx, ES_STR_DELTA
    975	04F1  F7 E3				     mul bx
    976
    977	04F3  8C C3				     mov bx, es
    978	04F5  03 C3				     add ax, bx
    979	04F7  8E C0				     mov es, ax
    980
    981	04F9  5A				     pop dx
    982	04FA  5B				     pop bx
    983	04FB  C3				     ret
    984	04FC					     endp
    985				     ;-----------------------------------------------------
    986
    987
    988
    989				     ;=====================================================
    990				     ; Entry:	     CX	     = length of string
    991				     ;
    992				     ; Result:	     DI	     = right offset for	string with len	CX
    993				     ;
    994				     ; Expected:     0 <= CX < 76d
    995				     ;
    996				     ; Destruction:  DI
    997				     ;=====================================================
    998	04FC			     CalcOffset	     proc
    999
   1000	04FC  BF 004C				     mov di, 76d
   1001	04FF  2B F9				     sub di, cx
   1002	0501  D1 EF				     shr di, 1d
   1003	0503  D1 E7				     sal di, 1d
   1004
   1005	0505  C3				     ret
   1006	0506					     endp
   1007				     ;-----------------------------------------------------
   1008
   1009
   1010
   1011				     ;=====================================================
   1012				     ; Entry:	     [80h]   = length of string
   1013				     ;
   1014				     ; Result:	     CX	     = length of string
   1015				     ;		     BX	     = 80h
   1016				     ;
   1017				     ; Expected:     -
   1018				     ;
   1019				     ; Destruction:  BX, CX
   1020				     ;=====================================================
   1021	0506			     GetLength	     proc
   1022
   1023	0506  BB 0080				     mov bx, 80h
   1024	0509  8A 0F				     mov cl, [bx]
   1025	050B  B5 00				     mov ch, 0h
   1026	050D  FE C9				     dec cl
Turbo Assembler	 Version 4.1	    03/01/26 15:02:12	    Page 19
reg_fram.asm



   1027
   1028	050F  C3				     ret
   1029	0510					     endp
   1030				     ;-----------------------------------------------------
   1031
   1032
   1033
   1034				     ;=====================================================
   1035				     ; Entry:	     [BX]    = first symbol of number
   1036				     ;
   1037				     ; Result:	     AX	     = number (or 0 if [BX] != digit)
   1038				     ;		     BX	     = first index after number	(or old	BX if [BX] != digit)
   1039				     ;
   1040				     ; Expected:     [BX]    = digit
   1041				     ;		     Number separates spaces
   1042				     ;
   1043				     ; Destruction:  AX, BX, SI
   1044				     ;=====================================================
   1045	0510			     GetNumber	     proc
   1046
   1047	0510  52				     push dx
   1048	0511  B8 0000				     mov ax, 0h
   1049
   1050	0514  80 3F 30				     cmp byte ptr [bx],	'0'
   1051	0517  72 1D				     jb	@@not_num
   1052	0519  80 3F 39				     cmp byte ptr [bx],	'9'
   1053	051C  77 18				     ja	@@not_num
   1054
   1055	051E  8B F3			     @@base: mov si, bx
   1056
   1057	0520  BB 000A			     @@add_c:mov bx, 10d
   1058	0523  F7 E3				     mul bx
   1059	0525  02 04				     add al, byte ptr [si]
   1060	0527  2C 30				     sub al, '0'
   1061	0529  83 C6 01				     add si, 1h
   1062	052C  80 3C 20				     cmp byte ptr [si],	' '
   1063	052F  75 EF				     jne @@add_c
   1064
   1065	0531  8B DE				     mov bx, si
   1066	0533  EB 03 90				     jmp @@end
   1067
   1068	0536  B4 00		       @@not_num:    mov ah, 0h
   1069
   1070	0538  5A			     @@end:  pop dx
   1071	0539  C3				     ret
   1072	053A					     endp
   1073				     ;-----------------------------------------------------
   1074
   1075
   1076
   1077				     ;=====================================================
   1078				     ; Entry:	     BX	     = starting	index from which skipping spaces
   1079				     ;
   1080				     ; Result:	     [BX]    !=	symbol of space
   1081				     ;
   1082				     ; Expected:     80h <= BX < 100h
   1083				     ;
Turbo Assembler	 Version 4.1	    03/01/26 15:02:12	    Page 20
reg_fram.asm



   1084				     ; Destruction:  BX
   1085				     ;=====================================================
   1086	053A			     SkipSpaces	     proc
   1087
   1088	053A  80 3F 20				     cmp byte ptr [bx],	' '
   1089	053D  75 08				     jne @@not_space
   1090
   1091	053F  83 C3 01			     @@skip: add bx, 1h
   1092	0542  80 3F 20				     cmp byte ptr [bx],	' '
   1093	0545  74 F8				     je	@@skip
   1094
   1095	0547			     @@not_space:
   1096	0547  C3				     ret
   1097	0548					     endp
   1098				     ;-----------------------------------------------------
   1099
   1100
   1101
   1102				     ;=====================================================
   1103				     ; Entry:	     -
   1104				     ;
   1105				     ; Result:	     Program ended
   1106				     ;
   1107				     ; Expected:     -
   1108				     ;
   1109				     ; Destruction:  AX
   1110				     ;=====================================================
   1111	0548			     Exit	     proc
   1112
   1113	0548  B8 4C00				     mov ax, END_CODE
   1114	054B  CD 21				     int 21h
   1115
   1116	054D					     endp
   1117				     ;-----------------------------------------------------
   1118
   1119	054D  C4 C4 2F 5C 5C 2F	B3+  FRAME_TYPES     db	'ÄÄ/\\/łĂ´ÄÄÚżŔŮÄÄ'
   1120	      C3 B4 C4 C4 DA BF	C0+
   1121	      D9 C4 C4
   1122	055E  B2 B2 B2 B2 B2 B2	B2+		     db	'˛˛˛˛˛˛˛˛˛°°°°°°˛˛'
   1123	      B2 B2 B0 B0 B0 B0	B0+
   1124	      B0 B2 B2
   1125	056F  FB FB FB FB FB FB	FB+		     db	'űűűűűűűűű	  '
   1126	      FB FB 20 20 20 20	20+
   1127	      20 20 20
   1128	0580  B1 B1 B1 B1 B1 B1	B1+		     db	'±±±±±±±±±', 1eh, 1fh, 4 DUP(09h), 'ÎÎ'
   1129	      B1 B1 1E 1F 04*(09) +
   1130	      CE CE
   1131
   1132	0591  B3 41 58 3A 04*(00) +  AX_VIEW	     db	'łAX:',	4 DUP (0h), 'ł'
   1133	      B3
   1134	059A  B3 42 58 3A 04*(00) +  BX_VIEW	     db	'łBX:',	4 DUP (0h), 'ł'
   1135	      B3
   1136	05A3  B3 43 58 3A 04*(00) +  CX_VIEW	     db	'łCX:',	4 DUP (0h), 'ł'
   1137	      B3
   1138	05AC  B3 44 58 3A 04*(00) +  DX_VIEW	     db	'łDX:',	4 DUP (0h), 'ł'
   1139	      B3
   1140
Turbo Assembler	 Version 4.1	    03/01/26 15:02:12	    Page 21
reg_fram.asm



   1141	05B5  B3 53 49 3A 04*(00) +  SI_VIEW	     db	'łSI:',	4 DUP (0h), 'ł'
   1142	      B3
   1143	05BE  B3 44 49 3A 04*(00) +  DI_VIEW	     db	'łDI:',	4 DUP (0h), 'ł'
   1144	      B3
   1145	05C7  B3 42 50 3A 04*(00) +  BP_VIEW	     db	'łBP:',	4 DUP (0h), 'ł'
   1146	      B3
   1147	05D0  B3 53 50 3A 04*(00) +  SP_VIEW	     db	'łSP:',	4 DUP (0h), 'ł'
   1148	      B3
   1149
   1150	05D9  B3 44 53 3A 04*(00) +  DS_VIEW	     db	'łDS:',	4 DUP (0h), 'ł'
   1151	      B3
   1152	05E2  B3 45 53 3A 04*(00) +  ES_VIEW	     db	'łES:',	4 DUP (0h), 'ł'
   1153	      B3
   1154	05EB  B3 43 53 3A 04*(00) +  CS_VIEW	     db	'łCS:',	4 DUP (0h), 'ł'
   1155	      B3
   1156	05F4  B3 49 50 3A 04*(00) +  IP_VIEW	     db	'łIP:',	4 DUP (0h), 'ł'
   1157	      B3
   1158	05FD  0000		     REG_COUNT	     dw	0h
   1159
   1160	05FF  57		     KEY_TYPE	     db	ADX_KEY
   1161	0600  0000		     X_FRAME	     dw	0h
   1162	0602  0000		     Y_FRAME	     dw	0h
   1163	0604  01A0*(00)		     ESC_SAVE	     db	(FRAME_WIDTH * FRAME_HEIGHT) DUP (0h)
   1164
   1165	07A4			     end_of_prog:			     ; for page	navigation
   1166
   1167	07A4			     Eoppp:
   1168
   1169				     end start
Turbo Assembler	 Version 4.1	    03/01/26 15:02:12	    Page 22
Symbol Table




Symbol Name			  Type	 Value

??DATE				  Text	 "03/01/26"
??FILENAME			  Text	 "reg_fram"
??TIME				  Text	 "15:02:12"
??VERSION			  Number 040A
@32BIT				  Text	 0
@@AB_9				  Near	 DGROUP:0370
@@ADD_C				  Near	 DGROUP:0520
@@BASE				  Near	 DGROUP:051E
@@CHECK				  Near	 DGROUP:016C
@@COM_PART			  Near	 DGROUP:0373
@@DIGIT				  Near	 DGROUP:0360
@@DN				  Near	 DGROUP:0157
@@END				  Near	 DGROUP:0352
@@END				  Near	 DGROUP:0538
@@END_FRAME			  Near	 DGROUP:028E
@@EXIT				  Near	 DGROUP:0195
@@FRAME				  Near	 DGROUP:0140
@@FRAME2			  Near	 DGROUP:0143
@@LEFT				  Near	 DGROUP:015E
@@NEXT				  Near	 DGROUP:02C5
@@NEXT				  Near	 DGROUP:02FC
@@NOT_ESC			  Near	 DGROUP:0267
@@NOT_NUM			  Near	 DGROUP:0536
@@NOT_S				  Near	 DGROUP:019F
@@NOT_SPACE			  Near	 DGROUP:0547
@@PRINT				  Near	 DGROUP:03A6
@@PRINTED			  Near	 DGROUP:02FF
@@PRINTING			  Near	 DGROUP:02DF
@@PRINT_STR			  Near	 DGROUP:0274
@@REGADX			  Near	 DGROUP:0325
@@REGALL			  Near	 DGROUP:0349
@@REGIND			  Near	 DGROUP:033D
@@REGSEG			  Near	 DGROUP:0331
@@RIGHT				  Near	 DGROUP:0165
@@SAVED				  Near	 DGROUP:02C8
@@SAVING			  Near	 DGROUP:02A7
@@SET				  Near	 DGROUP:0235
@@SKIP				  Near	 DGROUP:053F
@@UP				  Near	 DGROUP:0150
@@WALL				  Near	 DGROUP:0404
@CODE				  Text	 DGROUP
@CODESIZE			  Text	 0
@CPU				  Text	 0101H
@CURSEG				  Text	 _TEXT
@DATA				  Text	 DGROUP
@DATASIZE			  Text	 0
@FILENAME			  Text	 REG_FRAM
@INTERFACE			  Text	 000H
@MODEL				  Text	 1
@STACK				  Text	 DGROUP
@WORDSIZE			  Text	 2
ADX_KEY				  Number 0057
ALL_KEY				  Number 002B
ALPH_ADD_CODE			  Number 0037
Turbo Assembler	 Version 4.1	    03/01/26 15:02:12	    Page 23
Symbol Table



ARGUE_SIZE			  Number 0002
AX_VIEW				  Byte	 DGROUP:0591
BOUNDEDHORLINE			  Near	 DGROUP:04A3
BP_VIEW				  Byte	 DGROUP:05C7
BX_VIEW				  Byte	 DGROUP:059A
BYTE_SHIFT			  Number 0008
CALCOFFSET			  Near	 DGROUP:04FC
CHANGESTRING			  Near	 DGROUP:04EC
CNT				  Number [DGROUP:BP+0004]
CS_VIEW				  Byte	 DGROUP:05EB
CX_VIEW				  Byte	 DGROUP:05A3
DI_VIEW				  Byte	 DGROUP:05BE
DN_ARR_KEY			  Number 0050
DRAWEMPWALLS			  Near	 DGROUP:042C
DRAWEXTFRAME			  Near	 DGROUP:03AC
DRAWHORLINE			  Near	 DGROUP:04CA
DRAWHORLINES			  Near	 DGROUP:0443
DRAWINTFRAME			  Near	 DGROUP:03DB
DRAWWALLS			  Near	 DGROUP:03F6
DS_VIEW				  Byte	 DGROUP:05D9
DX_VIEW				  Byte	 DGROUP:05AC
EMP_STR				  Number [DGROUP:BP+000A]
END_CODE			  Number 4C00
END_OF_PROG			  Near	 DGROUP:07A4
EOPPP				  Near	 DGROUP:07A4
ESC_KEY				  Number 0036
ESC_SAVE			  Byte	 DGROUP:0604
ES_STR_DELTA			  Number 000A
ES_VIEW				  Byte	 DGROUP:05E2
EXIT				  Near	 DGROUP:0548
FRAME				  Near	 DGROUP:0226
FRAME_HEIGHT			  Number 0010
FRAME_HOR_COL			  Number 000A
FRAME_TYPE			  Number 0000
FRAME_TYPES			  Byte	 DGROUP:054D
FRAME_WALL_COL			  Number 000E
FRAME_WIDTH			  Number 001A
GETIP				  Near	 DGROUP:01AE
GETLENGTH			  Near	 DGROUP:0506
GETNUMBER			  Near	 DGROUP:0510
IND				  Number [DGROUP:BP+0008]
IND_KEY				  Number 0029
INT_FRAME_COL			  Number 000C
IP_VIEW				  Byte	 DGROUP:05F4
KEY_TYPE			  Byte	 DGROUP:05FF
LEN				  Number [DGROUP:BP+0006]
LT_ARR_KEY			  Number 004B
MID1				  Number [DGROUP:BP+0004]
MID2				  Number [DGROUP:BP+0006]
NEW09				  Near	 DGROUP:0137
NULL_CODE			  Number 0030
OLD09OFS			  Word	 DGROUP:01AA
OLD09SEG			  Word	 DGROUP:01AC
PRINTBDSTRING			  Near	 DGROUP:038A
PRINTMEM			  Near	 DGROUP:02CF
PRINTREG			  Near	 DGROUP:0353
PRINTSTRING			  Near	 DGROUP:03A2
Turbo Assembler	 Version 4.1	    03/01/26 15:02:12	    Page 24
Symbol Table



PRINT_REG_LEN			  Number 0009
REGSETTINGS			  Near	 DGROUP:0306
REG_COUNT			  Word	 DGROUP:05FD
RT_ARR_KEY			  Number 004D
SAVE_IP				  Near	 DGROUP:013A
SAVINGMEM			  Near	 DGROUP:0297
SAVINGREGS			  Near	 DGROUP:01B1
SEG_KEY				  Number 0058
SI_VIEW				  Byte	 DGROUP:05B5
SKIPSPACES			  Near	 DGROUP:053A
SKIPSTRINGS			  Near	 DGROUP:04DA
SP_VIEW				  Byte	 DGROUP:05D0
START				  Near	 DGROUP:0100
STRING_COLOR			  Number 001E
STR_BOUND_COL			  Number 0009
SYMB				  Number [DGROUP:BP+0004]
SYMB_OFFSET			  Number 0002
UP_ARR_KEY			  Number 0048
VALUE				  Number [DGROUP:BP+0004]
VMEM_ADDRESS			  Number B800
X_FRAME				  Word	 DGROUP:0600
Y_FRAME				  Word	 DGROUP:0602

Macro Name

FRAME_LODSB
REG_PRINT

Groups & Segments		  Bit Size Align  Combine Class

DGROUP				  Group
  _DATA				  16  0000 Word	  Public  DATA
  _TEXT				  16  07A4 Word	  Public  CODE
