Turbo Assembler	 Version 4.1	    02/09/26 22:30:39	    Page 1
long_str.asm



      1	0000			     .model tiny
      2	0000			     .code
      3				     org 100h
      4
      5	0100  B8 B814		     start:	     mov ax, 0b814h
      6	0103  8E C0				     mov es, ax
      7	0105  BF 0000				     mov di, 0h
      8
      9	0108  BB 0125r				     mov bx, offset string
     10	010B  8B F3				     mov si, bx
     11
     12	010D  B9 000E				     mov cx, 0eh
     13
     14	0110  F3> A4				     rep movsb
     15
     16	0112  BB 0000				     mov bx, 0h
     17	0115  26: 8A 57	01			     mov dl, es:[bx + 1]
     18
     19	0119  B8 0000				     mov ax, 0h
     20	011C  B4 02				     mov ah, 02h
     21	011E  CD 21				     int 21h
     22
     23	0120  B8 4C00				     mov ax, 4c00h
     24	0123  CD 21				     int 21h
     25
     26	0125  48 65 6C 6C 6F 2C	20+  string	     db	'Hello,	world',	'!!'
     27	      77 6F 72 6C 64 21	21
     28
     29				     end start
Turbo Assembler	 Version 4.1	    02/09/26 22:30:39	    Page 2
Symbol Table




Symbol Name			  Type	 Value

??DATE				  Text	 "02/09/26"
??FILENAME			  Text	 "long_str"
??TIME				  Text	 "22:30:39"
??VERSION			  Number 040A
@32BIT				  Text	 0
@CODE				  Text	 DGROUP
@CODESIZE			  Text	 0
@CPU				  Text	 0101H
@CURSEG				  Text	 _TEXT
@DATA				  Text	 DGROUP
@DATASIZE			  Text	 0
@FILENAME			  Text	 LONG_STR
@INTERFACE			  Text	 000H
@MODEL				  Text	 1
@STACK				  Text	 DGROUP
@WORDSIZE			  Text	 2
START				  Near	 DGROUP:0100
STRING				  Byte	 DGROUP:0125

Groups & Segments		  Bit Size Align  Combine Class

DGROUP				  Group
  _DATA				  16  0000 Word	  Public  DATA
  _TEXT				  16  0133 Word	  Public  CODE
