Turbo Assembler	 Version 4.1	    02/09/26 19:36:51	    Page 1
stosw_ch.asm



      1	0000			     .model tiny
      2	0000			     .code
      3				     org 100h
      4
      5	0100  B8 B814		     Start:	     mov ax, 0b814h
      6	0103  8E C0				     mov es, ax
      7	0105  B8 CE03				     mov ax, 0ce03h
      8
      9	0108  BF 0000				     mov di, 0h
     10	010B  B9 0100				     mov cx, 100h
     11	010E  F3> AB				     rep stosw
     12
     13	0110  B8 4C00				     mov ax, 4c00h
     14	0113  CD 21				     int 21h
     15
     16				     end Start
Turbo Assembler	 Version 4.1	    02/09/26 19:36:51	    Page 2
Symbol Table




Symbol Name			  Type	 Value

??DATE				  Text	 "02/09/26"
??FILENAME			  Text	 "stosw_ch"
??TIME				  Text	 "19:36:50"
??VERSION			  Number 040A
@32BIT				  Text	 0
@CODE				  Text	 DGROUP
@CODESIZE			  Text	 0
@CPU				  Text	 0101H
@CURSEG				  Text	 _TEXT
@DATA				  Text	 DGROUP
@DATASIZE			  Text	 0
@FILENAME			  Text	 STOSW_CH
@INTERFACE			  Text	 000H
@MODEL				  Text	 1
@STACK				  Text	 DGROUP
@WORDSIZE			  Text	 2
START				  Near	 DGROUP:0100

Groups & Segments		  Bit Size Align  Combine Class

DGROUP				  Group
  _DATA				  16  0000 Word	  Public  DATA
  _TEXT				  16  0115 Word	  Public  CODE
